0 info it worked if it ends with ok
1 verbose cli [ '/usr/local/bin/iojs', '/usr/local/bin/npm', 'publish' ]
2 info using npm@4.1.2
3 info using node@v7.0.0
4 verbose publish [ '.' ]
5 silly cache add args [ '.', null ]
6 verbose cache add spec .
7 silly cache add parsed spec Result {
7 silly cache add   raw: '.',
7 silly cache add   scope: null,
7 silly cache add   escapedName: null,
7 silly cache add   name: null,
7 silly cache add   rawSpec: '.',
7 silly cache add   spec: '/Users/onilpereyra/rd-startups',
7 silly cache add   type: 'directory' }
8 verbose addLocalDirectory /Users/onilpereyra/.npm/rd-startups/1.1.0/package.tgz not in flight; packing
9 verbose correctMkdir /Users/onilpereyra/.npm correctMkdir not in flight; initializing
10 info lifecycle rd-startups@1.1.0~prepublish: rd-startups@1.1.0
11 silly lifecycle rd-startups@1.1.0~prepublish: no script for prepublish, continuing
12 info lifecycle rd-startups@1.1.0~prepare: rd-startups@1.1.0
13 silly lifecycle rd-startups@1.1.0~prepare: no script for prepare, continuing
14 verbose tar pack [ '/Users/onilpereyra/.npm/rd-startups/1.1.0/package.tgz',
14 verbose tar pack   '/Users/onilpereyra/rd-startups' ]
15 verbose tarball /Users/onilpereyra/.npm/rd-startups/1.1.0/package.tgz
16 verbose folder /Users/onilpereyra/rd-startups
17 verbose addLocalTarball adding from inside cache /Users/onilpereyra/.npm/rd-startups/1.1.0/package.tgz
18 verbose correctMkdir /Users/onilpereyra/.npm correctMkdir not in flight; initializing
19 silly cache afterAdd rd-startups@1.1.0
20 verbose afterAdd /Users/onilpereyra/.npm/rd-startups/1.1.0/package/package.json not in flight; writing
21 verbose correctMkdir /Users/onilpereyra/.npm correctMkdir not in flight; initializing
22 verbose afterAdd /Users/onilpereyra/.npm/rd-startups/1.1.0/package/package.json written
23 silly publish { name: 'rd-startups',
23 silly publish   version: '1.1.0',
23 silly publish   description: 'Ever growing list of startups in Dominican Republic.',
23 silly publish   license: 'MIT',
23 silly publish   repository:
23 silly publish    { type: 'git',
23 silly publish      url: 'git+https://github.com/onilpereyra/rd-startups.git' },
23 silly publish   author:
23 silly publish    { name: 'onilpereyra',
23 silly publish      email: 'onil.pereyra@gmail.com',
23 silly publish      url: 'onil.me' },
23 silly publish   engines: { node: '>= 4' },
23 silly publish   scripts: { test: 'mocha' },
23 silly publish   files: [ 'index.js' ],
23 silly publish   keywords: [ 'startups', 'list', 'Dominican Republic' ],
23 silly publish   dependencies: {},
23 silly publish   devDependencies: { mocha: '^3.1.1' },
23 silly publish   readme: '# rd-startups [![Build Status](https://travis-ci.org/onilpereyra/rd-startups.svg?branch=master)](https://travis-ci.org/onilpereyra/rd-startups)\n\n> Ever growing list of startups in Dominican Republic.\n\n\n## Install\n\n```\n$ npm install --save rd-startups\n```\n\n\n## Usage\n\n```js\nvar rdStartups = require(\'rd-startups\');\n\nconsole.log(Object.keys(rdStartups)); // JSON {\'name\' : \'url\'}\n\n/*\n[ \'meSuma\',\n  \'Jompeame\',\n  \'Bontix\',\n  \'Fangoo\',\n  \'Dweeter\' ]\n\n*/\n\n```\n\n\n## License\n\nMIT © [Hemanth.HM](http://onil.me)\n',
23 silly publish   readmeFilename: 'readme.md',
23 silly publish   gitHead: '75a1535cbf842e5b0684135c22bef0f82248b01a',
23 silly publish   bugs: { url: 'https://github.com/onilpereyra/rd-startups/issues' },
23 silly publish   homepage: 'https://github.com/onilpereyra/rd-startups#readme',
23 silly publish   _id: 'rd-startups@1.1.0',
23 silly publish   _shasum: 'd57f619274202dc8809645fae1c28c37c0c0c462',
23 silly publish   _from: '.' }
24 info lifecycle rd-startups@1.1.0~prepublishOnly: rd-startups@1.1.0
25 silly lifecycle rd-startups@1.1.0~prepublishOnly: no script for prepublishOnly, continuing
26 verbose getPublishConfig undefined
27 silly mapToRegistry name rd-startups
28 silly mapToRegistry using default registry
29 silly mapToRegistry registry https://registry.npmjs.org/
30 silly mapToRegistry data Result {
30 silly mapToRegistry   raw: 'rd-startups',
30 silly mapToRegistry   scope: null,
30 silly mapToRegistry   escapedName: 'rd-startups',
30 silly mapToRegistry   name: 'rd-startups',
30 silly mapToRegistry   rawSpec: '',
30 silly mapToRegistry   spec: 'latest',
30 silly mapToRegistry   type: 'tag' }
31 silly mapToRegistry uri https://registry.npmjs.org/rd-startups
32 verbose publish registryBase https://registry.npmjs.org/
33 silly publish uploading /Users/onilpereyra/.npm/rd-startups/1.1.0/package.tgz
34 verbose request uri https://registry.npmjs.org/rd-startups
35 verbose request sending authorization for write operation
36 info attempt registry request try #1 at 5:39:56 PM
37 verbose request using bearer token for auth
38 verbose request id 591240ccf3498cb7
39 http request PUT https://registry.npmjs.org/rd-startups
40 http 403 https://registry.npmjs.org/rd-startups
41 verbose headers { 'content-type': 'application/json',
41 verbose headers   'cache-control': 'max-age=300',
41 verbose headers   'content-length': '95',
41 verbose headers   'accept-ranges': 'bytes',
41 verbose headers   date: 'Thu, 09 Feb 2017 21:39:57 GMT',
41 verbose headers   via: '1.1 varnish',
41 verbose headers   connection: 'keep-alive',
41 verbose headers   'x-served-by': 'cache-atl6236-ATL',
41 verbose headers   'x-cache': 'MISS',
41 verbose headers   'x-cache-hits': '0',
41 verbose headers   'x-timer': 'S1486676396.571626,VS0,VE606',
41 verbose headers   vary: 'Accept-Encoding' }
42 verbose request invalidating /Users/onilpereyra/.npm/registry.npmjs.org/rd-startups on PUT
43 error publish Failed PUT 403
44 verbose stack Error: "You cannot publish over the previously published version 1.1.0." : rd-startups
44 verbose stack     at makeError (/usr/local/lib/node_modules/npm/node_modules/npm-registry-client/lib/request.js:304:12)
44 verbose stack     at CachingRegistryClient.<anonymous> (/usr/local/lib/node_modules/npm/node_modules/npm-registry-client/lib/request.js:292:14)
44 verbose stack     at Request._callback (/usr/local/lib/node_modules/npm/node_modules/npm-registry-client/lib/request.js:212:14)
44 verbose stack     at Request.self.callback (/usr/local/lib/node_modules/npm/node_modules/request/request.js:186:22)
44 verbose stack     at emitTwo (events.js:106:13)
44 verbose stack     at Request.emit (events.js:191:7)
44 verbose stack     at Request.<anonymous> (/usr/local/lib/node_modules/npm/node_modules/request/request.js:1081:10)
44 verbose stack     at emitOne (events.js:96:13)
44 verbose stack     at Request.emit (events.js:188:7)
44 verbose stack     at IncomingMessage.<anonymous> (/usr/local/lib/node_modules/npm/node_modules/request/request.js:1001:12)
45 verbose statusCode 403
46 verbose pkgid rd-startups
47 verbose cwd /Users/onilpereyra/rd-startups
48 error Darwin 15.6.0
49 error argv "/usr/local/bin/iojs" "/usr/local/bin/npm" "publish"
50 error node v7.0.0
51 error npm  v4.1.2
52 error code E403
53 error "You cannot publish over the previously published version 1.1.0." : rd-startups
54 error If you need help, you may report this error at:
54 error     <https://github.com/npm/npm/issues>
55 verbose exit [ 1, true ]
